<component name="libraryTable">
  <library name="junit5-1.26.101">
    <CLASSES>
      <root url="jar://$PROJECT_DIR$/Libs/junit5-1.26.101.jar!/" />
    </CLASSES>
    <JAVADOC />
    <SOURCES />
  </library>
</component>